Flutter crash report; please file at https://github.com/flutter/flutter/issues.

## command

flutter build bundle --target /Users/mac/AndroidStudioProjects/flutter_app/slate/lib/main.dart --target-platform android-arm64 --filesystem-scheme org-dartlang-root --track-widget-creation --depfile /Users/mac/AndroidStudioProjects/flutter_app/slate/build/app/intermediates/flutter/debug/android-arm64/snapshot_blob.bin.d --asset-dir /Users/mac/AndroidStudioProjects/flutter_app/slate/build/app/intermediates/flutter/debug/android-arm64/flutter_assets --debug

## exception

_CastError: type 'YamlMap' is not a subtype of type 'String' in type cast

```
#0      _CastListBase.[] (dart:_internal/cast.dart:99:46)
#1      ListMixin.elementAt (dart:collection/list.dart:55:33)
#2      MappedListIterable.elementAt (dart:_internal/iterable.dart:415:40)
#3      MappedListIterable.elementAt (dart:_internal/iterable.dart:415:40)
#4      ListIterable.toList (dart:_internal/iterable.dart:219:19)
#5      FlutterManifest.assets (package:flutter_tools/src/flutter_manifest.dart:187:11)
#6      _parseAssets (package:flutter_tools/src/asset.dart:557:40)
#7      _ManifestAssetBundle.build (package:flutter_tools/src/asset.dart:143:53)
<asynchronous suspension>
#8      buildAssets (package:flutter_tools/src/bundle.dart:137:40)
<asynchronous suspension>
#9      BundleBuilder.build (package:flutter_tools/src/bundle.dart:106:38)
<asynchronous suspension>
#10     BuildBundleCommand.runCommand (package:flutter_tools/src/commands/build_bundle.dart:119:25)
<asynchronous suspension>
#11     FlutterCommand.verifyThenRunCommand (package:flutter_tools/src/runner/flutter_command.dart:490:18)
<asynchronous suspension>
#12     FlutterCommand.run.<anonymous closure> (package:flutter_tools/src/runner/flutter_command.dart:407:33)
<asynchronous suspension>
#13     AppContext.run.<anonymous closure> (package:flutter_tools/src/base/context.dart:154:29)
<asynchronous suspension>
#14     _rootRun (dart:async/zone.dart:1124:13)
#15     _CustomZone.run (dart:async/zone.dart:1021:19)
#16     _runZoned (dart:async/zone.dart:1516:10)
#17     runZoned (dart:async/zone.dart:1463:12)
#18     AppContext.run (package:flutter_tools/src/base/context.dart:153:18)
<asynchronous suspension>
#19     FlutterCommand.run (package:flutter_tools/src/runner/flutter_command.dart:397:20)
#20     CommandRunner.runCommand (package:args/command_runner.dart:197:27)
<asynchronous suspension>
#21     FlutterCommandRunner.runCommand.<anonymous closure> (package:flutter_tools/src/runner/flutter_command_runner.dart:402:21)
<asynchronous suspension>
#22     AppContext.run.<anonymous closure> (package:flutter_tools/src/base/context.dart:154:29)
<asynchronous suspension>
#23     _rootRun (dart:async/zone.dart:1124:13)
#24     _CustomZone.run (dart:async/zone.dart:1021:19)
#25     _runZoned (dart:async/zone.dart:1516:10)
#26     runZoned (dart:async/zone.dart:1463:12)
#27     AppContext.run (package:flutter_tools/src/base/context.dart:153:18)
<asynchronous suspension>
#28     FlutterCommandRunner.runCommand (package:flutter_tools/src/runner/flutter_command_runner.dart:356:19)
<asynchronous suspension>
#29     CommandRunner.run.<anonymous closure> (package:args/command_runner.dart:112:25)
#30     new Future.sync (dart:async/future.dart:224:31)
#31     CommandRunner.run (package:args/command_runner.dart:112:14)
#32     FlutterCommandRunner.run (package:flutter_tools/src/runner/flutter_command_runner.dart:242:18)
#33     run.<anonymous closure>.<anonymous closure> (package:flutter_tools/runner.dart:63:22)
<asynchronous suspension>
#34     _rootRun (dart:async/zone.dart:1124:13)
#35     _CustomZone.run (dart:async/zone.dart:1021:19)
#36     _runZoned (dart:async/zone.dart:1516:10)
#37     runZoned (dart:async/zone.dart:1500:12)
#38     run.<anonymous closure> (package:flutter_tools/runner.dart:61:18)
<asynchronous suspension>
#39     AppContext.run.<anonymous closure> (package:flutter_tools/src/base/context.dart:154:29)
<asynchronous suspension>
#40     _rootRun (dart:async/zone.dart:1124:13)
#41     _CustomZone.run (dart:async/zone.dart:1021:19)
#42     _runZoned (dart:async/zone.dart:1516:10)
#43     runZoned (dart:async/zone.dart:1463:12)
#44     AppContext.run (package:flutter_tools/src/base/context.dart:153:18)
<asynchronous suspension>
#45     runInContext (package:flutter_tools/src/context_runner.dart:59:24)
<asynchronous suspension>
#46     run (package:flutter_tools/runner.dart:50:10)
#47     main (package:flutter_tools/executable.dart:65:9)
<asynchronous suspension>
#48     main (file:///b/s/w/ir/k/archive/flutter/packages/flutter_tools/bin/flutter_tools.dart:8:3)
#49     _startIsolate.<anonymous closure> (dart:isolate-patch/isolate_patch.dart:303:32)
#50     _RawReceivePortImpl._handleMessage (dart:isolate-patch/isolate_patch.dart:172:12)
```

## flutter doctor

```
[✓] Flutter (Channel stable, v1.9.1+hotfix.5, on Mac OS X 10.14.6 18G1012, locale en-NG)
    • Flutter version 1.9.1+hotfix.5 at /Users/mac/flutter
    • Framework revision 1aedbb1835 (4 weeks ago), 2019-10-17 08:37:27 -0700
    • Engine revision b863200c37
    • Dart version 2.5.0

[!] Android toolchain - develop for Android devices (Android SDK version 29.0.2)
    • Android SDK at /Users/mac/Library/Android/sdk
    • Android NDK location not configured (optional; useful for native profiling support)
    • Platform android-29, build-tools 29.0.2
    • ANDROID_HOME = /Users/mac/Library/Android/sdk
    • Java binary at: /Applications/Android Studio.app/Contents/jre/jdk/Contents/Home/bin/java
    • Java version OpenJDK Runtime Environment (build 1.8.0_202-release-1483-b49-5587405)
    ! Some Android licenses not accepted.  To resolve this, run: flutter doctor --android-licenses

[✓] Xcode - develop for iOS and macOS (Xcode 10.1)
    • Xcode at /Users/mac/Downloads/Xcode.app/Contents/Developer
    • Xcode 10.1, Build version 10B61
    • CocoaPods version 1.8.4

[✓] Android Studio (version 3.5)
    • Android Studio at /Applications/Android Studio.app/Contents
    • Flutter plugin version 40.2.2
    • Dart plugin version 191.8593
    • Java version OpenJDK Runtime Environment (build 1.8.0_202-release-1483-b49-5587405)

[✓] Connected device (1 available)
    • Infinix X623 • 59ea07d2 • android-arm64 • Android 8.1.0 (API 27)

! Doctor found issues in 1 category.
```
